D:\FIREBIRD 1.1\X64\DEBUG\ALL_NODE.OBJ
D:\FIREBIRD 1.1\X64\DEBUG\ARRAYS.OBJ
D:\FIREBIRD 1.1\X64\DEBUG\BENCHMARK.OBJ
D:\FireBird 1.1\x64\Debug\cl.command.1.tlog
D:\FireBird 1.1\x64\Debug\CL.read.1.tlog
D:\FireBird 1.1\x64\Debug\CL.write.1.tlog
D:\FIREBIRD 1.1\X64\DEBUG\CONTROL.OBJ
D:\FIREBIRD 1.1\X64\DEBUG\CUT_NODE.OBJ
D:\FIREBIRD 1.1\X64\DEBUG\EVALUATION.OBJ
D:\FIREBIRD 1.1\X64\DEBUG\EXCLUDE_NODE.OBJ
D:\FIREBIRD 1.1\X64\DEBUG\FIREBIRD 1.1.EXE
D:\FIREBIRD 1.1\X64\DEBUG\FIREBIRD 1.1.EXE.EMBED.MANIFEST
D:\FIREBIRD 1.1\X64\DEBUG\FIREBIRD 1.1.EXE.EMBED.MANIFEST.RES
D:\FIREBIRD 1.1\X64\DEBUG\FIREBIRD 1.1.EXE.INTERMEDIATE.MANIFEST
D:\FIREBIRD 1.1\X64\DEBUG\FIREBIRD 1.1.ILK
D:\FIREBIRD 1.1\X64\DEBUG\FIREBIRD 1.1.PDB
D:\FireBird 1.1\x64\Debug\FireBird 1.1.vcxprojResolveAssemblyReference.cache
D:\FireBird 1.1\x64\Debug\FireBird 1.1.write.1.tlog
D:\FireBird 1.1\x64\Debug\FireBird 1.1_manifest.rc
D:\FIREBIRD 1.1\X64\DEBUG\HASH.OBJ
D:\FIREBIRD 1.1\X64\DEBUG\INPUT.OBJ
D:\FireBird 1.1\x64\Debug\link.3948.read.1.tlog
D:\FireBird 1.1\x64\Debug\link.3948.write.1.tlog
D:\FireBird 1.1\x64\Debug\link.3948-cvtres.read.1.tlog
D:\FireBird 1.1\x64\Debug\link.3948-cvtres.write.1.tlog
D:\FireBird 1.1\x64\Debug\link.command.1.tlog
D:\FireBird 1.1\x64\Debug\link.read.1.tlog
D:\FireBird 1.1\x64\Debug\link.write.1.tlog
D:\FireBird 1.1\x64\Debug\link-cvtres.read.1.tlog
D:\FireBird 1.1\x64\Debug\link-cvtres.write.1.tlog
D:\FIREBIRD 1.1\X64\DEBUG\LOW_DEPTH.OBJ
D:\FIREBIRD 1.1\X64\DEBUG\MAIN.OBJ
D:\FIREBIRD 1.1\X64\DEBUG\MAKE_MOVE.OBJ
D:\FIREBIRD 1.1\X64\DEBUG\MATERIAL_VALUE.OBJ
D:\FIREBIRD 1.1\X64\DEBUG\MOBILITY.OBJ
D:\FIREBIRD 1.1\X64\DEBUG\MOVE_GEN.OBJ
D:\FireBird 1.1\x64\Debug\mt.command.1.tlog
D:\FireBird 1.1\x64\Debug\mt.read.1.tlog
D:\FireBird 1.1\x64\Debug\mt.write.1.tlog
D:\FIREBIRD 1.1\X64\DEBUG\NEXT_MOVE.OBJ
D:\FIREBIRD 1.1\X64\DEBUG\OK_MOVE.OBJ
D:\FIREBIRD 1.1\X64\DEBUG\PAWN_EVAL.OBJ
D:\FIREBIRD 1.1\X64\DEBUG\PST.OBJ
D:\FIREBIRD 1.1\X64\DEBUG\PV_NODE.OBJ
D:\FIREBIRD 1.1\X64\DEBUG\QSEARCH.OBJ
D:\FIREBIRD 1.1\X64\DEBUG\QSEARCH_PV.OBJ
D:\FireBird 1.1\x64\Debug\rc.command.1.tlog
D:\FireBird 1.1\x64\Debug\rc.read.1.tlog
D:\FireBird 1.1\x64\Debug\rc.write.1.tlog
D:\FIREBIRD 1.1\X64\DEBUG\ROOT_ANALYSIS.OBJ
D:\FIREBIRD 1.1\X64\DEBUG\ROOT_MULTIPV.OBJ
D:\FIREBIRD 1.1\X64\DEBUG\ROOT_NODE.OBJ
D:\FIREBIRD 1.1\X64\DEBUG\SEARCH.OBJ
D:\FIREBIRD 1.1\X64\DEBUG\SEE.OBJ
D:\FIREBIRD 1.1\X64\DEBUG\SET_POSITION.OBJ
D:\FIREBIRD 1.1\X64\DEBUG\SMP.OBJ
D:\FIREBIRD 1.1\X64\DEBUG\SMP_SEARCH.OBJ
D:\FIREBIRD 1.1\X64\DEBUG\TOP_ANALYSIS.OBJ
D:\FIREBIRD 1.1\X64\DEBUG\TOP_NODE.OBJ
D:\FIREBIRD 1.1\X64\DEBUG\UN_MAKE_MOVE.OBJ
D:\FIREBIRD 1.1\X64\DEBUG\UTILITY.OBJ
D:\FireBird 1.1\x64\Debug\vc100.idb
D:\FIREBIRD 1.1\X64\DEBUG\VC100.PDB
