Build started 11/17/2013 12:37:25 PM.
     1>Project "D:\FireBird 1.1\FireBird 1.1.vcxproj" on node 2 (rebuild target(s)).
     1>_PrepareForClean:
         Deleting file "x64\Debug\FireBird 1.1.lastbuildstate".
       InitializeBuildStatus:
         Creating "x64\Debug\FireBird 1.1.unsuccessfulbuild" because "AlwaysCreate" was specified.
       ClCompile:
         c:\Program Files (x86)\Microsoft Visual Studio 10.0\VC\bin\x86_amd64\CL.exe /c /Zi /nologo /W3 /WX- /Od /D WIN32 /D _DEBUG /D _CONSOLE /Gm /EHsc /RTC1 /MDd /GS /fp:precise /Zc:wchar_t /Zc:forScope /Fo"x64\Debug\\" /Fd"x64\Debug\vc100.pdb" /Gd /TC /errorReport:prompt all_node.c arrays.c benchmark.c control.c cut_node.c evaluation.c exclude_node.c hash.c input.c low_depth.c main.c make_move.c material_value.c mobility.c move_gen.c next_move.c ok_move.c pawn_eval.c pv_node.c qsearch.c qsearch_pv.c root_analysis.c root_multipv.c root_node.c search.c SEE.c set_position.c SMP.c SMP_search.c PST.c top_analysis.c top_node.c un_make_move.c utility.c
         utility.c
         un_make_move.c
         top_node.c
         top_analysis.c
         PST.c
         SMP_search.c
         SMP.c
         set_position.c
         SEE.c
         search.c
         root_node.c
         root_multipv.c
         root_analysis.c
         qsearch_pv.c
         qsearch.c
         pv_node.c
         pawn_eval.c
         ok_move.c
         next_move.c
         move_gen.c
         Generating Code...
         Compiling...
         mobility.c
         material_value.c
         make_move.c
         main.c
         low_depth.c
         input.c
         hash.c
         exclude_node.c
         evaluation.c
         cut_node.c
         control.c
         benchmark.c
         arrays.c
         all_node.c
         Generating Code...
       ManifestResourceCompile:
         C:\Program Files (x86)\Microsoft SDKs\Windows\v7.0A\bin\rc.exe /nologo /fo"x64\Debug\FireBird 1.1.exe.embed.manifest.res" "x64\Debug\FireBird 1.1_manifest.rc" 
       Link:
         c:\Program Files (x86)\Microsoft Visual Studio 10.0\VC\bin\x86_amd64\link.exe /ERRORREPORT:PROMPT /OUT:"D:\FireBird 1.1\x64\Debug\FireBird 1.1.exe" /INCREMENTAL /NOLOGO kernel32.lib user32.lib gdi32.lib winspool.lib comdlg32.lib advapi32.lib shell32.lib ole32.lib oleaut32.lib uuid.lib odbc32.lib odbccp32.lib /MANIFEST /ManifestFile:"x64\Debug\FireBird 1.1.exe.intermediate.manifest" /MANIFESTUAC:"level='asInvoker' uiAccess='false'" /DEBUG /PDB:"D:\FireBird 1.1\x64\Debug\FireBird 1.1.pdb" /SUBSYSTEM:CONSOLE /TLBID:1 /DYNAMICBASE /NXCOMPAT /IMPLIB:"D:\FireBird 1.1\x64\Debug\FireBird 1.1.lib" /MACHINE:X64 "x64\Debug\FireBird 1.1.exe.embed.manifest.res"
         x64\Debug\all_node.obj
         x64\Debug\arrays.obj
         x64\Debug\benchmark.obj
         x64\Debug\control.obj
         x64\Debug\cut_node.obj
         x64\Debug\evaluation.obj
         x64\Debug\exclude_node.obj
         x64\Debug\hash.obj
         x64\Debug\input.obj
         x64\Debug\low_depth.obj
         x64\Debug\main.obj
         x64\Debug\make_move.obj
         x64\Debug\material_value.obj
         x64\Debug\mobility.obj
         x64\Debug\move_gen.obj
         x64\Debug\next_move.obj
         x64\Debug\ok_move.obj
         x64\Debug\pawn_eval.obj
         x64\Debug\pv_node.obj
         x64\Debug\qsearch.obj
         x64\Debug\qsearch_pv.obj
         x64\Debug\root_analysis.obj
         x64\Debug\root_multipv.obj
         x64\Debug\root_node.obj
         x64\Debug\search.obj
         x64\Debug\SEE.obj
         x64\Debug\set_position.obj
         x64\Debug\SMP.obj
         x64\Debug\SMP_search.obj
         x64\Debug\PST.obj
         x64\Debug\top_analysis.obj
         x64\Debug\top_node.obj
         x64\Debug\un_make_move.obj
         x64\Debug\utility.obj
         FireBird 1.1.vcxproj -> D:\FireBird 1.1\x64\Debug\FireBird 1.1.exe
       Manifest:
         Deleting file "x64\Debug\FireBird 1.1.exe.embed.manifest".
         C:\Program Files (x86)\Microsoft SDKs\Windows\v7.0A\bin\mt.exe /nologo /verbose /out:"x64\Debug\FireBird 1.1.exe.embed.manifest" /manifest "x64\Debug\FireBird 1.1.exe.intermediate.manifest"
         C:\Program Files (x86)\Microsoft SDKs\Windows\v7.0A\bin\rc.exe /nologo /fo"x64\Debug\FireBird 1.1.exe.embed.manifest.res" "x64\Debug\FireBird 1.1_manifest.rc" 
       LinkEmbedManifest:
         c:\Program Files (x86)\Microsoft Visual Studio 10.0\VC\bin\x86_amd64\link.exe /ERRORREPORT:PROMPT /OUT:"D:\FireBird 1.1\x64\Debug\FireBird 1.1.exe" /INCREMENTAL /NOLOGO kernel32.lib user32.lib gdi32.lib winspool.lib comdlg32.lib advapi32.lib shell32.lib ole32.lib oleaut32.lib uuid.lib odbc32.lib odbccp32.lib /MANIFEST /ManifestFile:"x64\Debug\FireBird 1.1.exe.intermediate.manifest" /MANIFESTUAC:"level='asInvoker' uiAccess='false'" /DEBUG /PDB:"D:\FireBird 1.1\x64\Debug\FireBird 1.1.pdb" /SUBSYSTEM:CONSOLE /TLBID:1 /DYNAMICBASE /NXCOMPAT /IMPLIB:"D:\FireBird 1.1\x64\Debug\FireBird 1.1.lib" /MACHINE:X64 "x64\Debug\FireBird 1.1.exe.embed.manifest.res"
         x64\Debug\all_node.obj
         x64\Debug\arrays.obj
         x64\Debug\benchmark.obj
         x64\Debug\control.obj
         x64\Debug\cut_node.obj
         x64\Debug\evaluation.obj
         x64\Debug\exclude_node.obj
         x64\Debug\hash.obj
         x64\Debug\input.obj
         x64\Debug\low_depth.obj
         x64\Debug\main.obj
         x64\Debug\make_move.obj
         x64\Debug\material_value.obj
         x64\Debug\mobility.obj
         x64\Debug\move_gen.obj
         x64\Debug\next_move.obj
         x64\Debug\ok_move.obj
         x64\Debug\pawn_eval.obj
         x64\Debug\pv_node.obj
         x64\Debug\qsearch.obj
         x64\Debug\qsearch_pv.obj
         x64\Debug\root_analysis.obj
         x64\Debug\root_multipv.obj
         x64\Debug\root_node.obj
         x64\Debug\search.obj
         x64\Debug\SEE.obj
         x64\Debug\set_position.obj
         x64\Debug\SMP.obj
         x64\Debug\SMP_search.obj
         x64\Debug\PST.obj
         x64\Debug\top_analysis.obj
         x64\Debug\top_node.obj
         x64\Debug\un_make_move.obj
         x64\Debug\utility.obj
         FireBird 1.1.vcxproj -> D:\FireBird 1.1\x64\Debug\FireBird 1.1.exe
       FinalizeBuildStatus:
         Deleting file "x64\Debug\FireBird 1.1.unsuccessfulbuild".
         Touching "x64\Debug\FireBird 1.1.lastbuildstate".
     1>Done Building Project "D:\FireBird 1.1\FireBird 1.1.vcxproj" (rebuild target(s)).

Build succeeded.

Time Elapsed 00:00:08.70
